<?xml version="1.0" encoding="UTF-8"?>
<testsuite xmlns:xsi="http://www.w3.org/2001/XMLSchema-instance" xsi:noNamespaceSchemaLocation="https://maven.apache.org/surefire/maven-surefire-plugin/xsd/surefire-test-report.xsd" version="3.0.2" name="com.example.TutorialBackend.TutorialBackendApplicationTests" time="9.258" tests="1" errors="0" skipped="0" failures="0">
  <properties>
[...]
</properties>
  <testcase name="contextLoads" classname="com.example.TutorialBackend.TutorialBackendApplicationTests" time="0.781">
    <system-out><![CDATA[10:40:35.138 [main] INFO org.springframework.test.context.support.AnnotationConfigContextLoaderUtils -- Could not detect default configuration classes for test class [com.example.TutorialBackend.TutorialBackendApplicationTests]: TutorialBackendApplicationTests does not declare any static, non-private, non-final, nested classes annotated with @Configuration.
10:40:35.309 [main] INFO org.springframework.boot.test.context.SpringBootTestContextBootstrapper -- Found @SpringBootConfiguration com.example.TutorialBackend.TutorialBackendApplication for test class com.example.TutorialBackend.TutorialBackendApplicationTests

  .   ____          _            __ _ _
 /\\ / ___'_ __ _ _(_)_ __  __ _ \ \ \ \
( ( )\___ | '_ | '_| | '_ \/ _` | \ \ \ \
 \\/  ___)| |_)| | | | | || (_| |  ) ) ) )
  '  |____| .__|_| |_|_| |_\__, | / / / /
 =========|_|==============|___/=/_/_/_/

 :: Spring Boot ::                (v3.4.3)

2025-03-20T10:40:36.248+05:30  INFO 1600 --- [SpringBootDTOService] [           main] c.e.T.TutorialBackendApplicationTests    : Starting TutorialBackendApplicationTests using Java 17.0.10 with PID 1600 (started by Administrator in C:\Users\Administrator\Desktop\training\TutorialBackend)
2025-03-20T10:40:36.264+05:30  INFO 1600 --- [SpringBootDTOService] [           main] c.e.T.TutorialBackendApplicationTests    : No active profile set, falling back to 1 default profile: "default"
2025-03-20T10:40:37.575+05:30  INFO 1600 --- [SpringBootDTOService] [           main] .s.d.r.c.RepositoryConfigurationDelegate : Bootstrapping Spring Data JPA repositories in DEFAULT mode.
2025-03-20T10:40:37.721+05:30  INFO 1600 --- [SpringBootDTOService] [           main] .s.d.r.c.RepositoryConfigurationDelegate : Finished Spring Data repository scanning in 114 ms. Found 4 JPA repository interfaces.
2025-03-20T10:40:38.481+05:30  INFO 1600 --- [SpringBootDTOService] [           main] o.hibernate.jpa.internal.util.LogHelper  : HHH000204: Processing PersistenceUnitInfo [name: default]
2025-03-20T10:40:38.590+05:30  INFO 1600 --- [SpringBootDTOService] [           main] org.hibernate.Version                    : HHH000412: Hibernate ORM core version 6.6.8.Final
2025-03-20T10:40:38.653+05:30  INFO 1600 --- [SpringBootDTOService] [           main] o.h.c.internal.RegionFactoryInitiator    : HHH000026: Second-level cache disabled
2025-03-20T10:40:39.278+05:30  INFO 1600 --- [SpringBootDTOService] [           main] o.s.o.j.p.SpringPersistenceUnitInfo      : No LoadTimeWeaver setup: ignoring JPA class transformer
2025-03-20T10:40:39.325+05:30  INFO 1600 --- [SpringBootDTOService] [           main] com.zaxxer.hikari.HikariDataSource       : HikariPool-1 - Starting...
2025-03-20T10:40:39.851+05:30  INFO 1600 --- [SpringBootDTOService] [           main] com.zaxxer.hikari.pool.HikariPool        : HikariPool-1 - Added connection com.mysql.cj.jdbc.ConnectionImpl@359e27d2
2025-03-20T10:40:39.867+05:30  INFO 1600 --- [SpringBootDTOService] [           main] com.zaxxer.hikari.HikariDataSource       : HikariPool-1 - Start completed.
2025-03-20T10:40:40.028+05:30  INFO 1600 --- [SpringBootDTOService] [           main] org.hibernate.orm.connections.pooling    : HHH10001005: Database info:
	Database JDBC URL [Connecting through datasource 'HikariDataSource (HikariPool-1)']
	Database driver: undefined/unknown
	Database version: 8.0.40
	Autocommit mode: undefined/unknown
	Isolation level: undefined/unknown
	Minimum pool size: undefined/unknown
	Maximum pool size: undefined/unknown
2025-03-20T10:40:41.801+05:30  INFO 1600 --- [SpringBootDTOService] [           main] o.h.e.t.j.p.i.JtaPlatformInitiator       : HHH000489: No JTA platform available (set 'hibernate.transaction.jta.platform' to enable JTA platform integration)
2025-03-20T10:40:41.924+05:30  INFO 1600 --- [SpringBootDTOService] [           main] j.LocalContainerEntityManagerFactoryBean : Initialized JPA EntityManagerFactory for persistence unit 'default'
2025-03-20T10:40:42.685+05:30  WARN 1600 --- [SpringBootDTOService] [           main] JpaBaseConfiguration$JpaWebConfiguration : spring.jpa.open-in-view is enabled by default. Therefore, database queries may be performed during view rendering. Explicitly configure spring.jpa.open-in-view to disable this warning
2025-03-20T10:40:43.310+05:30  INFO 1600 --- [SpringBootDTOService] [           main] c.e.T.TutorialBackendApplicationTests    : Started TutorialBackendApplicationTests in 7.578 seconds (process running for 9.347)
]]></system-out>
  </testcase>
</testsuite>